<?xml version="1.0" encoding="UTF-8"?>
<testsuites>
<testsuite timestamp="2026-08-31T04:17:53" hostname="kavi" package="arbiter" id="0" name="cover" tests="70" errors="0" failures="0" time="1" skipped="61">
<properties>
<property name="os" value="Linux"/>
<property name="expect" value="PASS"/>
<property name="status" value="PASS"/>
</properties>
<testcase classname="cover" name="build execution" time="0">
</testcase>
<testcase classname="cover" name="Property ASSERT in arbiter_formal at arbiter_formal.sv:228.13-228.44" time="0" type="ASSERT" location="arbiter_formal.sv:228.13-228.44" id="_witness_.check_assert_arbiter_formal_sv_228_138">
<skipped />
</testcase>
<testcase classname="cover" name="Property ASSERT in arbiter_formal at arbiter_formal.sv:229.13-229.44" time="0" type="ASSERT" location="arbiter_formal.sv:229.13-229.44" id="_witness_.check_assert_arbiter_formal_sv_229_156">
<skipped />
</testcase>
<testcase classname="cover" name="Property ASSERT in arbiter_formal at arbiter_formal.sv:236.13-236.45" time="0" type="ASSERT" location="arbiter_formal.sv:236.13-236.45" id="_witness_.check_assert_arbiter_formal_sv_236_175">
<skipped />
</testcase>
<testcase classname="cover" name="Property ASSERT in arbiter_formal at arbiter_formal.sv:237.13-237.44" time="0" type="ASSERT" location="arbiter_formal.sv:237.13-237.44" id="_witness_.check_assert_arbiter_formal_sv_237_185">
<skipped />
</testcase>
<testcase classname="cover" name="Property ASSERT in arbiter_formal at arbiter_formal.sv:238.13-238.45" time="0" type="ASSERT" location="arbiter_formal.sv:238.13-238.45" id="_witness_.check_assert_arbiter_formal_sv_238_195">
<skipped />
</testcase>
<testcase classname="cover" name="Property ASSERT in arbiter_formal at arbiter_formal.sv:247.13-247.45" time="0" type="ASSERT" location="arbiter_formal.sv:247.13-247.45" id="_witness_.check_assert_arbiter_formal_sv_247_209">
<skipped />
</testcase>
<testcase classname="cover" name="Property ASSERT in arbiter_formal at arbiter_formal.sv:248.13-248.45" time="0" type="ASSERT" location="arbiter_formal.sv:248.13-248.45" id="_witness_.check_assert_arbiter_formal_sv_248_211">
<skipped />
</testcase>
<testcase classname="cover" name="Property ASSERT in arbiter_formal at arbiter_formal.sv:249.13-249.44" time="0" type="ASSERT" location="arbiter_formal.sv:249.13-249.44" id="_witness_.check_assert_arbiter_formal_sv_249_213">
<skipped />
</testcase>
<testcase classname="cover" name="Property ASSERT in arbiter_formal at arbiter_formal.sv:250.13-250.43" time="0" type="ASSERT" location="arbiter_formal.sv:250.13-250.43" id="_witness_.check_assert_arbiter_formal_sv_250_215">
<skipped />
</testcase>
<testcase classname="cover" name="Property ASSERT in arbiter_formal at arbiter_formal.sv:251.13-251.44" time="0" type="ASSERT" location="arbiter_formal.sv:251.13-251.44" id="_witness_.check_assert_arbiter_formal_sv_251_217">
<skipped />
</testcase>
<testcase classname="cover" name="Property ASSERT in arbiter_formal at arbiter_formal.sv:316.17-316.52" time="0" type="ASSERT" location="arbiter_formal.sv:316.17-316.52" id="_witness_.check_assert_arbiter_formal_sv_316_226">
<skipped />
</testcase>
<testcase classname="cover" name="Property ASSERT in arbiter_formal at arbiter_formal.sv:317.17-317.60" time="0" type="ASSERT" location="arbiter_formal.sv:317.17-317.60" id="_witness_.check_assert_arbiter_formal_sv_317_228">
<skipped />
</testcase>
<testcase classname="cover" name="Property ASSERT in arbiter_formal at arbiter_formal.sv:326.17-326.52" time="0" type="ASSERT" location="arbiter_formal.sv:326.17-326.52" id="_witness_.check_assert_arbiter_formal_sv_326_235">
<skipped />
</testcase>
<testcase classname="cover" name="Property ASSERT in arbiter_formal at arbiter_formal.sv:327.17-327.60" time="0" type="ASSERT" location="arbiter_formal.sv:327.17-327.60" id="_witness_.check_assert_arbiter_formal_sv_327_237">
<skipped />
</testcase>
<testcase classname="cover" name="Property ASSERT in arbiter_formal at arbiter_formal.sv:328.17-328.68" time="0" type="ASSERT" location="arbiter_formal.sv:328.17-328.68" id="_witness_.check_assert_arbiter_formal_sv_328_241">
<skipped />
</testcase>
<testcase classname="cover" name="Property ASSERT in arbiter_formal at arbiter_formal.sv:375.25-375.51" time="0" type="ASSERT" location="arbiter_formal.sv:375.25-375.51" id="_witness_.check_assert_arbiter_formal_sv_375_491">
<skipped />
</testcase>
<testcase classname="cover" name="Property ASSERT in arbiter_formal at arbiter_formal.sv:375.25-375.51" time="0" type="ASSERT" location="arbiter_formal.sv:375.25-375.51" id="_witness_.check_assert_arbiter_formal_sv_375_530">
<skipped />
</testcase>
<testcase classname="cover" name="Property ASSERT in arbiter_formal at arbiter_formal.sv:376.25-376.69" time="0" type="ASSERT" location="arbiter_formal.sv:376.25-376.69" id="_witness_.check_assert_arbiter_formal_sv_376_492">
<skipped />
</testcase>
<testcase classname="cover" name="Property ASSERT in arbiter_formal at arbiter_formal.sv:376.25-376.69" time="0" type="ASSERT" location="arbiter_formal.sv:376.25-376.69" id="_witness_.check_assert_arbiter_formal_sv_376_531">
<skipped />
</testcase>
<testcase classname="cover" name="Property ASSERT in arbiter_formal at arbiter_formal.sv:377.25-377.69" time="0" type="ASSERT" location="arbiter_formal.sv:377.25-377.69" id="_witness_.check_assert_arbiter_formal_sv_377_494">
<skipped />
</testcase>
<testcase classname="cover" name="Property ASSERT in arbiter_formal at arbiter_formal.sv:377.25-377.69" time="0" type="ASSERT" location="arbiter_formal.sv:377.25-377.69" id="_witness_.check_assert_arbiter_formal_sv_377_533">
<skipped />
</testcase>
<testcase classname="cover" name="Property ASSERT in arbiter_formal at arbiter_formal.sv:386.25-386.50" time="0" type="ASSERT" location="arbiter_formal.sv:386.25-386.50" id="_witness_.check_assert_arbiter_formal_sv_386_504">
<skipped />
</testcase>
<testcase classname="cover" name="Property ASSERT in arbiter_formal at arbiter_formal.sv:386.25-386.50" time="0" type="ASSERT" location="arbiter_formal.sv:386.25-386.50" id="_witness_.check_assert_arbiter_formal_sv_386_543">
<skipped />
</testcase>
<testcase classname="cover" name="Property ASSERT in arbiter_formal at arbiter_formal.sv:387.25-387.67" time="0" type="ASSERT" location="arbiter_formal.sv:387.25-387.67" id="_witness_.check_assert_arbiter_formal_sv_387_505">
<skipped />
</testcase>
<testcase classname="cover" name="Property ASSERT in arbiter_formal at arbiter_formal.sv:387.25-387.67" time="0" type="ASSERT" location="arbiter_formal.sv:387.25-387.67" id="_witness_.check_assert_arbiter_formal_sv_387_544">
<skipped />
</testcase>
<testcase classname="cover" name="Property ASSERT in arbiter_formal at arbiter_formal.sv:388.25-388.67" time="0" type="ASSERT" location="arbiter_formal.sv:388.25-388.67" id="_witness_.check_assert_arbiter_formal_sv_388_507">
<skipped />
</testcase>
<testcase classname="cover" name="Property ASSERT in arbiter_formal at arbiter_formal.sv:388.25-388.67" time="0" type="ASSERT" location="arbiter_formal.sv:388.25-388.67" id="_witness_.check_assert_arbiter_formal_sv_388_546">
<skipped />
</testcase>
<testcase classname="cover" name="Property ASSERT in arbiter_formal at arbiter_formal.sv:397.25-397.51" time="0" type="ASSERT" location="arbiter_formal.sv:397.25-397.51" id="_witness_.check_assert_arbiter_formal_sv_397_517">
<skipped />
</testcase>
<testcase classname="cover" name="Property ASSERT in arbiter_formal at arbiter_formal.sv:397.25-397.51" time="0" type="ASSERT" location="arbiter_formal.sv:397.25-397.51" id="_witness_.check_assert_arbiter_formal_sv_397_556">
<skipped />
</testcase>
<testcase classname="cover" name="Property ASSERT in arbiter_formal at arbiter_formal.sv:398.25-398.69" time="0" type="ASSERT" location="arbiter_formal.sv:398.25-398.69" id="_witness_.check_assert_arbiter_formal_sv_398_518">
<skipped />
</testcase>
<testcase classname="cover" name="Property ASSERT in arbiter_formal at arbiter_formal.sv:398.25-398.69" time="0" type="ASSERT" location="arbiter_formal.sv:398.25-398.69" id="_witness_.check_assert_arbiter_formal_sv_398_557">
<skipped />
</testcase>
<testcase classname="cover" name="Property ASSERT in arbiter_formal at arbiter_formal.sv:399.25-399.69" time="0" type="ASSERT" location="arbiter_formal.sv:399.25-399.69" id="_witness_.check_assert_arbiter_formal_sv_399_520">
<skipped />
</testcase>
<testcase classname="cover" name="Property ASSERT in arbiter_formal at arbiter_formal.sv:399.25-399.69" time="0" type="ASSERT" location="arbiter_formal.sv:399.25-399.69" id="_witness_.check_assert_arbiter_formal_sv_399_559">
<skipped />
</testcase>
<testcase classname="cover" name="Property ASSERT in arbiter_formal at arbiter_formal.sv:424.25-424.58" time="0" type="ASSERT" location="arbiter_formal.sv:424.25-424.58" id="_witness_.check_assert_arbiter_formal_sv_424_564">
<skipped />
</testcase>
<testcase classname="cover" name="Property ASSERT in arbiter_formal at arbiter_formal.sv:424.25-424.58" time="0" type="ASSERT" location="arbiter_formal.sv:424.25-424.58" id="_witness_.check_assert_arbiter_formal_sv_424_572">
<skipped />
</testcase>
<testcase classname="cover" name="Property ASSERT in arbiter_formal at arbiter_formal.sv:424.25-424.58" time="0" type="ASSERT" location="arbiter_formal.sv:424.25-424.58" id="_witness_.check_assert_arbiter_formal_sv_424_580">
<skipped />
</testcase>
<testcase classname="cover" name="Property ASSERT in arbiter_formal at arbiter_formal.sv:424.25-424.58" time="0" type="ASSERT" location="arbiter_formal.sv:424.25-424.58" id="_witness_.check_assert_arbiter_formal_sv_424_588">
<skipped />
</testcase>
<testcase classname="cover" name="Property ASSERT in arbiter_formal at arbiter_formal.sv:428.25-428.58" time="0" type="ASSERT" location="arbiter_formal.sv:428.25-428.58" id="_witness_.check_assert_arbiter_formal_sv_428_567">
<skipped />
</testcase>
<testcase classname="cover" name="Property ASSERT in arbiter_formal at arbiter_formal.sv:428.25-428.58" time="0" type="ASSERT" location="arbiter_formal.sv:428.25-428.58" id="_witness_.check_assert_arbiter_formal_sv_428_575">
<skipped />
</testcase>
<testcase classname="cover" name="Property ASSERT in arbiter_formal at arbiter_formal.sv:428.25-428.58" time="0" type="ASSERT" location="arbiter_formal.sv:428.25-428.58" id="_witness_.check_assert_arbiter_formal_sv_428_583">
<skipped />
</testcase>
<testcase classname="cover" name="Property ASSERT in arbiter_formal at arbiter_formal.sv:428.25-428.58" time="0" type="ASSERT" location="arbiter_formal.sv:428.25-428.58" id="_witness_.check_assert_arbiter_formal_sv_428_591">
<skipped />
</testcase>
<testcase classname="cover" name="Property ASSERT in arbiter_formal at arbiter_formal.sv:451.25-451.50" time="0" type="ASSERT" location="arbiter_formal.sv:451.25-451.50" id="_witness_.check_assert_arbiter_formal_sv_451_600">
<skipped />
</testcase>
<testcase classname="cover" name="Property ASSERT in arbiter_formal at arbiter_formal.sv:451.25-451.50" time="0" type="ASSERT" location="arbiter_formal.sv:451.25-451.50" id="_witness_.check_assert_arbiter_formal_sv_451_623">
<skipped />
</testcase>
<testcase classname="cover" name="Property ASSERT in arbiter_formal at arbiter_formal.sv:451.25-451.50" time="0" type="ASSERT" location="arbiter_formal.sv:451.25-451.50" id="_witness_.check_assert_arbiter_formal_sv_451_646">
<skipped />
</testcase>
<testcase classname="cover" name="Property ASSERT in arbiter_formal at arbiter_formal.sv:451.25-451.50" time="0" type="ASSERT" location="arbiter_formal.sv:451.25-451.50" id="_witness_.check_assert_arbiter_formal_sv_451_669">
<skipped />
</testcase>
<testcase classname="cover" name="Property ASSERT in arbiter_formal at arbiter_formal.sv:452.25-452.67" time="0" type="ASSERT" location="arbiter_formal.sv:452.25-452.67" id="_witness_.check_assert_arbiter_formal_sv_452_601">
<skipped />
</testcase>
<testcase classname="cover" name="Property ASSERT in arbiter_formal at arbiter_formal.sv:452.25-452.67" time="0" type="ASSERT" location="arbiter_formal.sv:452.25-452.67" id="_witness_.check_assert_arbiter_formal_sv_452_624">
<skipped />
</testcase>
<testcase classname="cover" name="Property ASSERT in arbiter_formal at arbiter_formal.sv:452.25-452.67" time="0" type="ASSERT" location="arbiter_formal.sv:452.25-452.67" id="_witness_.check_assert_arbiter_formal_sv_452_647">
<skipped />
</testcase>
<testcase classname="cover" name="Property ASSERT in arbiter_formal at arbiter_formal.sv:452.25-452.67" time="0" type="ASSERT" location="arbiter_formal.sv:452.25-452.67" id="_witness_.check_assert_arbiter_formal_sv_452_670">
<skipped />
</testcase>
<testcase classname="cover" name="Property ASSERT in arbiter_formal at arbiter_formal.sv:461.25-461.50" time="0" type="ASSERT" location="arbiter_formal.sv:461.25-461.50" id="_witness_.check_assert_arbiter_formal_sv_461_611">
<skipped />
</testcase>
<testcase classname="cover" name="Property ASSERT in arbiter_formal at arbiter_formal.sv:461.25-461.50" time="0" type="ASSERT" location="arbiter_formal.sv:461.25-461.50" id="_witness_.check_assert_arbiter_formal_sv_461_634">
<skipped />
</testcase>
<testcase classname="cover" name="Property ASSERT in arbiter_formal at arbiter_formal.sv:461.25-461.50" time="0" type="ASSERT" location="arbiter_formal.sv:461.25-461.50" id="_witness_.check_assert_arbiter_formal_sv_461_657">
<skipped />
</testcase>
<testcase classname="cover" name="Property ASSERT in arbiter_formal at arbiter_formal.sv:461.25-461.50" time="0" type="ASSERT" location="arbiter_formal.sv:461.25-461.50" id="_witness_.check_assert_arbiter_formal_sv_461_680">
<skipped />
</testcase>
<testcase classname="cover" name="Property ASSERT in arbiter_formal at arbiter_formal.sv:462.25-462.67" time="0" type="ASSERT" location="arbiter_formal.sv:462.25-462.67" id="_witness_.check_assert_arbiter_formal_sv_462_612">
<skipped />
</testcase>
<testcase classname="cover" name="Property ASSERT in arbiter_formal at arbiter_formal.sv:462.25-462.67" time="0" type="ASSERT" location="arbiter_formal.sv:462.25-462.67" id="_witness_.check_assert_arbiter_formal_sv_462_635">
<skipped />
</testcase>
<testcase classname="cover" name="Property ASSERT in arbiter_formal at arbiter_formal.sv:462.25-462.67" time="0" type="ASSERT" location="arbiter_formal.sv:462.25-462.67" id="_witness_.check_assert_arbiter_formal_sv_462_658">
<skipped />
</testcase>
<testcase classname="cover" name="Property ASSERT in arbiter_formal at arbiter_formal.sv:462.25-462.67" time="0" type="ASSERT" location="arbiter_formal.sv:462.25-462.67" id="_witness_.check_assert_arbiter_formal_sv_462_681">
<skipped />
</testcase>
<testcase classname="cover" name="Property ASSERT in arbiter_formal at arbiter_formal.sv:463.25-463.67" time="0" type="ASSERT" location="arbiter_formal.sv:463.25-463.67" id="_witness_.check_assert_arbiter_formal_sv_463_614">
<skipped />
</testcase>
<testcase classname="cover" name="Property ASSERT in arbiter_formal at arbiter_formal.sv:463.25-463.67" time="0" type="ASSERT" location="arbiter_formal.sv:463.25-463.67" id="_witness_.check_assert_arbiter_formal_sv_463_637">
<skipped />
</testcase>
<testcase classname="cover" name="Property ASSERT in arbiter_formal at arbiter_formal.sv:463.25-463.67" time="0" type="ASSERT" location="arbiter_formal.sv:463.25-463.67" id="_witness_.check_assert_arbiter_formal_sv_463_660">
<skipped />
</testcase>
<testcase classname="cover" name="Property ASSERT in arbiter_formal at arbiter_formal.sv:463.25-463.67" time="0" type="ASSERT" location="arbiter_formal.sv:463.25-463.67" id="_witness_.check_assert_arbiter_formal_sv_463_683">
<skipped />
</testcase>
<testcase classname="cover" name="Property COVER in arbiter_formal at arbiter_formal.sv:340.13-340.68" time="0" type="COVER" location="arbiter_formal.sv:340.13-340.68" id="_witness_.check_cover_arbiter_formal_sv_340_247" tracefile="engine_0/trace5.vcd">
</testcase>
<testcase classname="cover" name="Property COVER in arbiter_formal at arbiter_formal.sv:346.13-346.68" time="0" type="COVER" location="arbiter_formal.sv:346.13-346.68" id="_witness_.check_cover_arbiter_formal_sv_346_254" tracefile="engine_0/trace4.vcd">
</testcase>
<testcase classname="cover" name="Property COVER in arbiter_formal at arbiter_formal.sv:352.13-353.90" time="0" type="COVER" location="arbiter_formal.sv:352.13-353.90" id="_witness_.check_cover_arbiter_formal_sv_352_261" tracefile="engine_0/trace5.vcd">
</testcase>
<testcase classname="cover" name="Property COVER in arbiter_formal at arbiter_formal.sv:359.13-359.51" time="0" type="COVER" location="arbiter_formal.sv:359.13-359.51" id="_witness_.check_cover_arbiter_formal_sv_359_273" tracefile="engine_0/trace5.vcd">
</testcase>
<testcase classname="cover" name="Property COVER in arbiter_formal at arbiter_formal.sv:493.13-494.37" time="0" type="COVER" location="arbiter_formal.sv:493.13-494.37" id="_witness_.check_cover_arbiter_formal_sv_493_279" tracefile="engine_0/trace3.vcd">
</testcase>
<testcase classname="cover" name="Property COVER in arbiter_formal at arbiter_formal.sv:505.13-505.36" time="0" type="COVER" location="arbiter_formal.sv:505.13-505.36" id="_witness_.check_cover_arbiter_formal_sv_505_283" tracefile="engine_0/trace1.vcd">
</testcase>
<testcase classname="cover" name="Property COVER in arbiter_formal at arbiter_formal.sv:512.13-512.36" time="0" type="COVER" location="arbiter_formal.sv:512.13-512.36" id="_witness_.check_cover_arbiter_formal_sv_512_286" tracefile="engine_0/trace0.vcd">
</testcase>
<testcase classname="cover" name="Property COVER in arbiter_formal at arbiter_formal.sv:519.13-519.72" time="0" type="COVER" location="arbiter_formal.sv:519.13-519.72" id="_witness_.check_cover_arbiter_formal_sv_519_289" tracefile="engine_0/trace5.vcd">
</testcase>
<testcase classname="cover" name="Property COVER in arbiter_formal at arbiter_formal.sv:520.13-520.72" time="0" type="COVER" location="arbiter_formal.sv:520.13-520.72" id="_witness_.check_cover_arbiter_formal_sv_520_295" tracefile="engine_0/trace2.vcd">
</testcase>
<system-out>SBY  4:17:51 [formal/arbiter_bmc] Removing directory '/mnt/c/Users/Chand/Documents/New folder/SparkAhead-/SparkAhead-/formal/arbiter_bmc'.
SBY  4:17:51 [formal/arbiter_cover] Removing directory '/mnt/c/Users/Chand/Documents/New folder/SparkAhead-/SparkAhead-/formal/arbiter_cover'.
SBY  4:17:51 [formal/arbiter_cover] Copy '/mnt/c/Users/Chand/Documents/New folder/SparkAhead-/SparkAhead-/src/rtl/axi4lite_pkg.sv' to '/mnt/c/Users/Chand/Documents/New folder/SparkAhead-/SparkAhead-/formal/arbiter_cover/src/axi4lite_pkg.sv'.
SBY  4:17:51 [formal/arbiter_cover] Copy '/mnt/c/Users/Chand/Documents/New folder/SparkAhead-/SparkAhead-/src/rtl/age_counter.sv' to '/mnt/c/Users/Chand/Documents/New folder/SparkAhead-/SparkAhead-/formal/arbiter_cover/src/age_counter.sv'.
SBY  4:17:51 [formal/arbiter_cover] Copy '/mnt/c/Users/Chand/Documents/New folder/SparkAhead-/SparkAhead-/src/rtl/write_mux.sv' to '/mnt/c/Users/Chand/Documents/New folder/SparkAhead-/SparkAhead-/formal/arbiter_cover/src/write_mux.sv'.
SBY  4:17:51 [formal/arbiter_cover] Copy '/mnt/c/Users/Chand/Documents/New folder/SparkAhead-/SparkAhead-/src/rtl/read_mux.sv' to '/mnt/c/Users/Chand/Documents/New folder/SparkAhead-/SparkAhead-/formal/arbiter_cover/src/read_mux.sv'.
SBY  4:17:51 [formal/arbiter_cover] Copy '/mnt/c/Users/Chand/Documents/New folder/SparkAhead-/SparkAhead-/src/rtl/default_slave.sv' to '/mnt/c/Users/Chand/Documents/New folder/SparkAhead-/SparkAhead-/formal/arbiter_cover/src/default_slave.sv'.
SBY  4:17:51 [formal/arbiter_cover] Copy '/mnt/c/Users/Chand/Documents/New folder/SparkAhead-/SparkAhead-/src/rtl/addr_decoder.sv' to '/mnt/c/Users/Chand/Documents/New folder/SparkAhead-/SparkAhead-/formal/arbiter_cover/src/addr_decoder.sv'.
SBY  4:17:51 [formal/arbiter_cover] Copy '/mnt/c/Users/Chand/Documents/New folder/SparkAhead-/SparkAhead-/src/rtl/wrr_scheduler.sv' to '/mnt/c/Users/Chand/Documents/New folder/SparkAhead-/SparkAhead-/formal/arbiter_cover/src/wrr_scheduler.sv'.
SBY  4:17:51 [formal/arbiter_cover] Copy '/mnt/c/Users/Chand/Documents/New folder/SparkAhead-/SparkAhead-/src/rtl/resp_demux.sv' to '/mnt/c/Users/Chand/Documents/New folder/SparkAhead-/SparkAhead-/formal/arbiter_cover/src/resp_demux.sv'.
SBY  4:17:51 [formal/arbiter_cover] Copy '/mnt/c/Users/Chand/Documents/New folder/SparkAhead-/SparkAhead-/src/rtl/write_arbiter.sv' to '/mnt/c/Users/Chand/Documents/New folder/SparkAhead-/SparkAhead-/formal/arbiter_cover/src/write_arbiter.sv'.
SBY  4:17:51 [formal/arbiter_cover] Copy '/mnt/c/Users/Chand/Documents/New folder/SparkAhead-/SparkAhead-/src/rtl/read_arbiter.sv' to '/mnt/c/Users/Chand/Documents/New folder/SparkAhead-/SparkAhead-/formal/arbiter_cover/src/read_arbiter.sv'.
SBY  4:17:51 [formal/arbiter_cover] Copy '/mnt/c/Users/Chand/Documents/New folder/SparkAhead-/SparkAhead-/src/rtl/axi4lite_arbiter_top.sv' to '/mnt/c/Users/Chand/Documents/New folder/SparkAhead-/SparkAhead-/formal/arbiter_cover/src/axi4lite_arbiter_top.sv'.
SBY  4:17:51 [formal/arbiter_cover] Copy '/mnt/c/Users/Chand/Documents/New folder/SparkAhead-/SparkAhead-/formal/arbiter_formal.sv' to '/mnt/c/Users/Chand/Documents/New folder/SparkAhead-/SparkAhead-/formal/arbiter_cover/src/arbiter_formal.sv'.
SBY  4:17:51 [formal/arbiter_cover] engine_0: smtbmc z3
SBY  4:17:51 [formal/arbiter_cover] base: starting process &quot;cd formal/arbiter_cover/src; yosys -ql ../model/design.log ../model/design.ys&quot;
SBY  4:17:51 [formal/arbiter_cover] base: arbiter_formal.sv:423: Warning: Identifier `\dut.w_resp_phase' is implicitly declared.
SBY  4:17:51 [formal/arbiter_cover] base: arbiter_formal.sv:424: Warning: Identifier `\dut.w_owner_id' is implicitly declared.
SBY  4:17:51 [formal/arbiter_cover] base: arbiter_formal.sv:427: Warning: Identifier `\dut.r_resp_phase' is implicitly declared.
SBY  4:17:51 [formal/arbiter_cover] base: arbiter_formal.sv:428: Warning: Identifier `\dut.r_owner_id' is implicitly declared.
SBY  4:17:51 [formal/arbiter_cover] base: Warning: Wire arbiter_formal.\f_r_owner_id [3] is used but has no driver.
SBY  4:17:51 [formal/arbiter_cover] base: Warning: Wire arbiter_formal.\f_r_owner_id [2] is used but has no driver.
SBY  4:17:51 [formal/arbiter_cover] base: Warning: Wire arbiter_formal.\f_r_owner_id [1] is used but has no driver.
SBY  4:17:51 [formal/arbiter_cover] base: Warning: Wire arbiter_formal.\f_r_owner_id [0] is used but has no driver.
SBY  4:17:51 [formal/arbiter_cover] base: Warning: Wire arbiter_formal.\f_w_owner_id [3] is used but has no driver.
SBY  4:17:51 [formal/arbiter_cover] base: Warning: Wire arbiter_formal.\f_w_owner_id [2] is used but has no driver.
SBY  4:17:51 [formal/arbiter_cover] base: Warning: Wire arbiter_formal.\f_w_owner_id [1] is used but has no driver.
SBY  4:17:51 [formal/arbiter_cover] base: Warning: Wire arbiter_formal.\f_w_owner_id [0] is used but has no driver.
SBY  4:17:51 [formal/arbiter_cover] base: Warning: Wire arbiter_formal.\dut.r_resp_phase is used but has no driver.
SBY  4:17:51 [formal/arbiter_cover] base: Warning: Wire arbiter_formal.\dut.w_resp_phase is used but has no driver.
SBY  4:17:51 [formal/arbiter_cover] base: Warning: Wire arbiter_formal.\f_r_target_invalid is used but has no driver.
SBY  4:17:51 [formal/arbiter_cover] base: Warning: Wire arbiter_formal.\f_r_resp_phase is used but has no driver.
SBY  4:17:51 [formal/arbiter_cover] base: Warning: Wire arbiter_formal.\f_w_target_invalid is used but has no driver.
SBY  4:17:51 [formal/arbiter_cover] base: Warning: Wire arbiter_formal.\f_w_resp_phase is used but has no driver.
SBY  4:17:51 [formal/arbiter_cover] base: Warning: Wire arbiter_formal.\f_r_arb_tx_done is used but has no driver.
SBY  4:17:51 [formal/arbiter_cover] base: Warning: Wire arbiter_formal.\f_w_arb_tx_done is used but has no driver.
SBY  4:17:51 [formal/arbiter_cover] base: Warning: Wire arbiter_formal.\dut.r_owner_id is used but has no driver.
SBY  4:17:51 [formal/arbiter_cover] base: Warning: Wire arbiter_formal.\dut.w_owner_id is used but has no driver.
SBY  4:17:52 [formal/arbiter_cover] base: finished (returncode=0)
SBY  4:17:52 [formal/arbiter_cover] prep: starting process &quot;cd formal/arbiter_cover/model; yosys -ql design_prep.log design_prep.ys&quot;
SBY  4:17:52 [formal/arbiter_cover] prep: Warning: Wire arbiter_formal.\f_r_owner_id [3] is used but has no driver.
SBY  4:17:52 [formal/arbiter_cover] prep: Warning: Wire arbiter_formal.\f_r_owner_id [2] is used but has no driver.
SBY  4:17:52 [formal/arbiter_cover] prep: Warning: Wire arbiter_formal.\f_r_owner_id [1] is used but has no driver.
SBY  4:17:52 [formal/arbiter_cover] prep: Warning: Wire arbiter_formal.\f_r_owner_id [0] is used but has no driver.
SBY  4:17:52 [formal/arbiter_cover] prep: Warning: Wire arbiter_formal.\f_w_owner_id [3] is used but has no driver.
SBY  4:17:52 [formal/arbiter_cover] prep: Warning: Wire arbiter_formal.\f_w_owner_id [2] is used but has no driver.
SBY  4:17:52 [formal/arbiter_cover] prep: Warning: Wire arbiter_formal.\f_w_owner_id [1] is used but has no driver.
SBY  4:17:52 [formal/arbiter_cover] prep: Warning: Wire arbiter_formal.\f_w_owner_id [0] is used but has no driver.
SBY  4:17:52 [formal/arbiter_cover] prep: Warning: Wire arbiter_formal.\f_w_arb_tx_done is used but has no driver.
SBY  4:17:52 [formal/arbiter_cover] prep: Warning: Wire arbiter_formal.\f_r_arb_tx_done is used but has no driver.
SBY  4:17:52 [formal/arbiter_cover] prep: finished (returncode=0)
SBY  4:17:52 [formal/arbiter_cover] smt2: starting process &quot;cd formal/arbiter_cover/model; yosys -ql design_smt2.log design_smt2.ys&quot;
SBY  4:17:52 [formal/arbiter_cover] smt2: finished (returncode=0)
SBY  4:17:52 [formal/arbiter_cover] engine_0: starting process &quot;cd formal/arbiter_cover; yosys-smtbmc -s z3 --presat -c --noprogress -t 40  --append 0 --dump-vcd engine_0/trace%.vcd --dump-yw engine_0/trace%.yw --dump-vlogtb engine_0/trace%_tb.v --dump-smtc engine_0/trace%.smtc model/design_smt2.smt2&quot;
SBY  4:17:52 [formal/arbiter_cover] engine_0: ##   0:00:00  Solver: z3
SBY  4:17:52 [formal/arbiter_cover] engine_0: ##   0:00:00  Checking cover reachability in step 0..
SBY  4:17:52 [formal/arbiter_cover] engine_0: ##   0:00:00  Checking cover reachability in step 1..
SBY  4:17:52 [formal/arbiter_cover] engine_0: ##   0:00:00  Checking cover reachability in step 2..
SBY  4:17:52 [formal/arbiter_cover] engine_0: ##   0:00:00  Checking cover reachability in step 3..
SBY  4:17:52 [formal/arbiter_cover] engine_0: ##   0:00:00  Reached cover statement in step 3 at arbiter_formal: arbiter_formal.sv:512.13-512.36 (_witness_.check_cover_arbiter_formal_sv_512_286)
SBY  4:17:52 [formal/arbiter_cover] engine_0: ##   0:00:00  Writing trace to VCD file: engine_0/trace0.vcd
SBY  4:17:52 [formal/arbiter_cover] engine_0: ##   0:00:00  Writing trace to Verilog testbench: engine_0/trace0_tb.v
SBY  4:17:52 [formal/arbiter_cover] engine_0: ##   0:00:00  Writing trace to constraints file: engine_0/trace0.smtc
SBY  4:17:52 [formal/arbiter_cover] engine_0: ##   0:00:00  Writing trace to Yosys witness file: engine_0/trace0.yw
SBY  4:17:52 [formal/arbiter_cover] engine_0: ##   0:00:00  Checking cover reachability in step 3..
SBY  4:17:52 [formal/arbiter_cover] engine_0: ##   0:00:00  Reached cover statement in step 3 at arbiter_formal: arbiter_formal.sv:505.13-505.36 (_witness_.check_cover_arbiter_formal_sv_505_283)
SBY  4:17:52 [formal/arbiter_cover] engine_0: ##   0:00:00  Writing trace to VCD file: engine_0/trace1.vcd
SBY  4:17:52 [formal/arbiter_cover] engine_0: ##   0:00:00  Writing trace to Verilog testbench: engine_0/trace1_tb.v
SBY  4:17:52 [formal/arbiter_cover] engine_0: ##   0:00:00  Writing trace to constraints file: engine_0/trace1.smtc
SBY  4:17:52 [formal/arbiter_cover] engine_0: ##   0:00:00  Writing trace to Yosys witness file: engine_0/trace1.yw
SBY  4:17:52 [formal/arbiter_cover] engine_0: ##   0:00:00  Checking cover reachability in step 3..
SBY  4:17:52 [formal/arbiter_cover] engine_0: ##   0:00:00  Checking cover reachability in step 4..
SBY  4:17:52 [formal/arbiter_cover] engine_0: ##   0:00:00  Checking cover reachability in step 5..
SBY  4:17:52 [formal/arbiter_cover] engine_0: ##   0:00:00  Reached cover statement in step 5 at arbiter_formal: arbiter_formal.sv:520.13-520.72 (_witness_.check_cover_arbiter_formal_sv_520_295)
SBY  4:17:52 [formal/arbiter_cover] engine_0: ##   0:00:00  Writing trace to VCD file: engine_0/trace2.vcd
SBY  4:17:52 [formal/arbiter_cover] engine_0: ##   0:00:00  Writing trace to Verilog testbench: engine_0/trace2_tb.v
SBY  4:17:52 [formal/arbiter_cover] engine_0: ##   0:00:00  Writing trace to constraints file: engine_0/trace2.smtc
SBY  4:17:52 [formal/arbiter_cover] engine_0: ##   0:00:00  Writing trace to Yosys witness file: engine_0/trace2.yw
SBY  4:17:52 [formal/arbiter_cover] engine_0: ##   0:00:00  Checking cover reachability in step 5..
SBY  4:17:52 [formal/arbiter_cover] engine_0: ##   0:00:00  Reached cover statement in step 5 at arbiter_formal: arbiter_formal.sv:493.13-494.37 (_witness_.check_cover_arbiter_formal_sv_493_279)
SBY  4:17:52 [formal/arbiter_cover] engine_0: ##   0:00:00  Writing trace to VCD file: engine_0/trace3.vcd
SBY  4:17:52 [formal/arbiter_cover] engine_0: ##   0:00:00  Writing trace to Verilog testbench: engine_0/trace3_tb.v
SBY  4:17:52 [formal/arbiter_cover] engine_0: ##   0:00:00  Writing trace to constraints file: engine_0/trace3.smtc
SBY  4:17:52 [formal/arbiter_cover] engine_0: ##   0:00:00  Writing trace to Yosys witness file: engine_0/trace3.yw
SBY  4:17:52 [formal/arbiter_cover] engine_0: ##   0:00:00  Checking cover reachability in step 5..
SBY  4:17:52 [formal/arbiter_cover] engine_0: ##   0:00:00  Reached cover statement in step 5 at arbiter_formal: arbiter_formal.sv:346.13-346.68 (_witness_.check_cover_arbiter_formal_sv_346_254)
SBY  4:17:52 [formal/arbiter_cover] engine_0: ##   0:00:00  Writing trace to VCD file: engine_0/trace4.vcd
SBY  4:17:52 [formal/arbiter_cover] engine_0: ##   0:00:00  Writing trace to Verilog testbench: engine_0/trace4_tb.v
SBY  4:17:52 [formal/arbiter_cover] engine_0: ##   0:00:00  Writing trace to constraints file: engine_0/trace4.smtc
SBY  4:17:52 [formal/arbiter_cover] engine_0: ##   0:00:00  Writing trace to Yosys witness file: engine_0/trace4.yw
SBY  4:17:52 [formal/arbiter_cover] engine_0: ##   0:00:00  Checking cover reachability in step 5..
SBY  4:17:52 [formal/arbiter_cover] engine_0: ##   0:00:00  Checking cover reachability in step 6..
SBY  4:17:52 [formal/arbiter_cover] engine_0: ##   0:00:00  Checking cover reachability in step 7..
SBY  4:17:53 [formal/arbiter_cover] engine_0: ##   0:00:00  Reached cover statement in step 7 at arbiter_formal: arbiter_formal.sv:519.13-519.72 (_witness_.check_cover_arbiter_formal_sv_519_289)
SBY  4:17:53 [formal/arbiter_cover] engine_0: ##   0:00:00  Reached cover statement in step 7 at arbiter_formal: arbiter_formal.sv:359.13-359.51 (_witness_.check_cover_arbiter_formal_sv_359_273)
SBY  4:17:53 [formal/arbiter_cover] engine_0: ##   0:00:00  Reached cover statement in step 7 at arbiter_formal: arbiter_formal.sv:352.13-353.90 (_witness_.check_cover_arbiter_formal_sv_352_261)
SBY  4:17:53 [formal/arbiter_cover] engine_0: ##   0:00:00  Reached cover statement in step 7 at arbiter_formal: arbiter_formal.sv:340.13-340.68 (_witness_.check_cover_arbiter_formal_sv_340_247)
SBY  4:17:53 [formal/arbiter_cover] engine_0: ##   0:00:00  Writing trace to VCD file: engine_0/trace5.vcd
SBY  4:17:53 [formal/arbiter_cover] engine_0: ##   0:00:00  Writing trace to Verilog testbench: engine_0/trace5_tb.v
SBY  4:17:53 [formal/arbiter_cover] engine_0: ##   0:00:00  Writing trace to constraints file: engine_0/trace5.smtc
SBY  4:17:53 [formal/arbiter_cover] engine_0: ##   0:00:00  Writing trace to Yosys witness file: engine_0/trace5.yw
SBY  4:17:53 [formal/arbiter_cover] engine_0: ##   0:00:00  Status: passed
SBY  4:17:53 [formal/arbiter_cover] engine_0: finished (returncode=0)
SBY  4:17:53 [formal/arbiter_cover] engine_0: Status returned by engine: pass
SBY  4:17:53 [formal/arbiter_cover] summary: Elapsed clock time [H:MM:SS (secs)]: 0:00:01 (1)
SBY  4:17:53 [formal/arbiter_cover] summary: Elapsed process time [H:MM:SS (secs)]: 0:00:01 (1)
SBY  4:17:53 [formal/arbiter_cover] summary: engine_0 (smtbmc z3) returned pass
SBY  4:17:53 [formal/arbiter_cover] summary: cover trace: formal/arbiter_cover/engine_0/trace0.vcd
SBY  4:17:53 [formal/arbiter_cover] summary:   reached cover statement arbiter_formal._witness_.check_cover_arbiter_formal_sv_512_286 at arbiter_formal.sv:512.13-512.36 step 3
SBY  4:17:53 [formal/arbiter_cover] summary: cover trace: formal/arbiter_cover/engine_0/trace1.vcd
SBY  4:17:53 [formal/arbiter_cover] summary:   reached cover statement arbiter_formal._witness_.check_cover_arbiter_formal_sv_505_283 at arbiter_formal.sv:505.13-505.36 step 3
SBY  4:17:53 [formal/arbiter_cover] summary: cover trace: formal/arbiter_cover/engine_0/trace2.vcd
SBY  4:17:53 [formal/arbiter_cover] summary:   reached cover statement arbiter_formal._witness_.check_cover_arbiter_formal_sv_520_295 at arbiter_formal.sv:520.13-520.72 step 5
SBY  4:17:53 [formal/arbiter_cover] summary: cover trace: formal/arbiter_cover/engine_0/trace3.vcd
SBY  4:17:53 [formal/arbiter_cover] summary:   reached cover statement arbiter_formal._witness_.check_cover_arbiter_formal_sv_493_279 at arbiter_formal.sv:493.13-494.37 step 5
SBY  4:17:53 [formal/arbiter_cover] summary: cover trace: formal/arbiter_cover/engine_0/trace4.vcd
SBY  4:17:53 [formal/arbiter_cover] summary:   reached cover statement arbiter_formal._witness_.check_cover_arbiter_formal_sv_346_254 at arbiter_formal.sv:346.13-346.68 step 5
SBY  4:17:53 [formal/arbiter_cover] summary: and 1 further trace
SBY  4:17:53 [formal/arbiter_cover] summary: see formal/arbiter_cover/PASS for a complete summary
SBY  4:17:53 [formal/arbiter_cover] DONE (PASS, rc=0)
</system-out>
<system-err>
</system-err>
</testsuite>
</testsuites>
